[32m[INFO][2021-02-23 16:17:45][:00000002] LAUNCH snlua bootstrap[0m
[32m[INFO][2021-02-23 16:17:45][:00000003] LAUNCH snlua launcher[0m
[32m[INFO][2021-02-23 16:17:45][:00000004] LAUNCH snlua cdummy[0m
[32m[INFO][2021-02-23 16:17:45][:00000005] LAUNCH harbor 0 4[0m
[32m[INFO][2021-02-23 16:17:45][:00000006] LAUNCH snlua datacenterd[0m
[32m[INFO][2021-02-23 16:17:45][:00000007] LAUNCH snlua service_mgr[0m
[32m[INFO][2021-02-23 16:17:45][:00000008] LAUNCH snlua loginserver_main[0m
[32m[INFO][2021-02-23 16:17:45][:00000008] number 8[0m
[32m[INFO][2021-02-23 16:17:45][:00000009] LAUNCH snlua console[0m
[32m[INFO][2021-02-23 16:17:45][:0000000a] LAUNCH snlua hub[0m
[32m[INFO][2021-02-23 16:17:45][:0000000b] LAUNCH snlua authd 10[0m
[32m[INFO][2021-02-23 16:17:45][:0000000b] lua loader error : C stack overflow
stack traceback:
	[C]: in function 'require'
	./loginserver/authd.lua:17: in main chunk
	[C]: in function 'require'
	./loginserver/authd.lua:17: in main chunk
	[C]: in function 'require'
	./loginserver/authd.lua:17: in main chunk
	[C]: in function 'require'
	./loginserver/authd.lua:17: in main chunk
	[C]: in function 'require'
	./loginserver/authd.lua:17: in main chunk
	...
	[C]: in function 'require'
	./loginserver/authd.lua:17: in main chunk
	[C]: in function 'require'
	./loginserver/authd.lua:17: in main chunk
	[C]: in function 'require'
	./loginserver/authd.lua:17: in main chunk
	[C]: in function 'require'
	./loginserver/authd.lua:17: in main chunk
	[C]: in function 'require'
	./loginserver/authd.lua:17: in local 'main'
	./skynet/lualib/loader.lua:52: in main chunk[0m
[32m[INFO][2021-02-23 16:17:45][:0000000b] KILL self[0m
[32m[INFO][2021-02-23 16:17:45][:0000000a] init service failed: ./skynet/lualib/skynet.lua:628: ./skynet/service/service_mgr.lua:25: ./skynet/lualib/skynet.lua:359: call failed
stack traceback:
	[C]: in function 'assert'
	./skynet/lualib/skynet.lua:628: in function 'skynet.uniqueservice'
	./loginserver/hub.lua:102: in local 'f'
	./skynet/lualib/skynet.lua:708: in upvalue 'init_all'
	./skynet/lualib/skynet.lua:719: in function <./skynet/lualib/skynet.lua:718>
	[C]: in function 'xpcall'
	./skynet/lualib/skynet.lua:725: in function 'skynet.pcall'
	./skynet/lualib/skynet.lua:729: in function 'skynet.init_service'
	./skynet/lualib/skynet.lua:743: in upvalue 'f'
	./skynet/lualib/skynet.lua:114: in function <./skynet/lualib/skynet.lua:113>[0m
[32m[INFO][2021-02-23 16:17:45][:0000000a] KILL self[0m
[32m[INFO][2021-02-23 16:17:45][:00000008] init service failed: ./skynet/lualib/skynet.lua:359: call failed
stack traceback:
	[C]: in function 'error'
	./skynet/lualib/skynet.lua:359: in upvalue 'yield_call'
	./skynet/lualib/skynet.lua:376: in function 'skynet.call'
	(...tail calls...)
	./loginserver/loginserver_main.lua:19: in local 'start'
	./skynet/lualib/skynet.lua:721: in function <./skynet/lualib/skynet.lua:718>
	[C]: in function 'xpcall'
	./skynet/lualib/skynet.lua:725: in function 'skynet.pcall'
	./skynet/lualib/skynet.lua:729: in function 'skynet.init_service'
	./skynet/lualib/skynet.lua:743: in upvalue 'f'
	./skynet/lualib/skynet.lua:114: in function <./skynet/lualib/skynet.lua:113>[0m
[32m[INFO][2021-02-23 16:17:45][:00000008] KILL self[0m
[32m[INFO][2021-02-23 16:17:45][:00000002] KILL self[0m
[32m[INFO][2021-02-23 16:19:10][:00000002] LAUNCH snlua bootstrap[0m
[32m[INFO][2021-02-23 16:19:10][:00000003] LAUNCH snlua launcher[0m
[32m[INFO][2021-02-23 16:19:10][:00000004] LAUNCH snlua cdummy[0m
[32m[INFO][2021-02-23 16:19:10][:00000005] LAUNCH harbor 0 4[0m
[32m[INFO][2021-02-23 16:19:10][:00000006] LAUNCH snlua datacenterd[0m
[32m[INFO][2021-02-23 16:19:10][:00000007] LAUNCH snlua service_mgr[0m
[32m[INFO][2021-02-23 16:19:10][:00000008] LAUNCH snlua loginserver_main[0m
[32m[INFO][2021-02-23 16:19:10][:00000008] number 8[0m
[32m[INFO][2021-02-23 16:19:10][:00000009] LAUNCH snlua console[0m
[32m[INFO][2021-02-23 16:19:10][:0000000a] LAUNCH snlua hub[0m
[32m[INFO][2021-02-23 16:19:10][:0000000b] LAUNCH snlua authd 10[0m
[32m[INFO][2021-02-23 16:19:10][:0000000b] lua loader error : ./loginserver/authmsg.lua:10: attempt to index a nil value (global 'skynet')
stack traceback:
	./loginserver/authmsg.lua:10: in main chunk
	[C]: in function 'require'
	./loginserver/authd.lua:13: in local 'main'
	./skynet/lualib/loader.lua:52: in main chunk[0m
[32m[INFO][2021-02-23 16:19:10][:0000000b] KILL self[0m
[32m[INFO][2021-02-23 16:19:10][:0000000a] init service failed: ./skynet/lualib/skynet.lua:628: ./skynet/service/service_mgr.lua:25: ./skynet/lualib/skynet.lua:359: call failed
stack traceback:
	[C]: in function 'assert'
	./skynet/lualib/skynet.lua:628: in function 'skynet.uniqueservice'
	./loginserver/hub.lua:102: in local 'f'
	./skynet/lualib/skynet.lua:708: in upvalue 'init_all'
	./skynet/lualib/skynet.lua:719: in function <./skynet/lualib/skynet.lua:718>
	[C]: in function 'xpcall'
	./skynet/lualib/skynet.lua:725: in function 'skynet.pcall'
	./skynet/lualib/skynet.lua:729: in function 'skynet.init_service'
	./skynet/lualib/skynet.lua:743: in upvalue 'f'
	./skynet/lualib/skynet.lua:114: in function <./skynet/lualib/skynet.lua:113>[0m
[32m[INFO][2021-02-23 16:19:10][:0000000a] KILL self[0m
[32m[INFO][2021-02-23 16:19:10][:00000008] init service failed: ./skynet/lualib/skynet.lua:359: call failed
stack traceback:
	[C]: in function 'error'
	./skynet/lualib/skynet.lua:359: in upvalue 'yield_call'
	./skynet/lualib/skynet.lua:376: in function 'skynet.manager.call'
	(...tail calls...)
	./loginserver/loginserver_main.lua:19: in local 'start'
	./skynet/lualib/skynet.lua:721: in function <./skynet/lualib/skynet.lua:718>
	[C]: in function 'xpcall'
	./skynet/lualib/skynet.lua:725: in function 'skynet.manager.pcall'
	./skynet/lualib/skynet.lua:729: in function 'skynet.manager.init_service'
	./skynet/lualib/skynet.lua:743: in upvalue 'f'
	./skynet/lualib/skynet.lua:114: in function <./skynet/lualib/skynet.lua:113>[0m
[32m[INFO][2021-02-23 16:19:10][:00000008] KILL self[0m
[32m[INFO][2021-02-23 16:19:10][:00000002] KILL self[0m
[32m[INFO][2021-02-23 16:19:22][:00000002] LAUNCH snlua bootstrap[0m
[32m[INFO][2021-02-23 16:19:22][:00000003] LAUNCH snlua launcher[0m
[32m[INFO][2021-02-23 16:19:22][:00000004] LAUNCH snlua cdummy[0m
[32m[INFO][2021-02-23 16:19:22][:00000005] LAUNCH harbor 0 4[0m
[32m[INFO][2021-02-23 16:19:22][:00000006] LAUNCH snlua datacenterd[0m
[32m[INFO][2021-02-23 16:19:22][:00000007] LAUNCH snlua service_mgr[0m
[32m[INFO][2021-02-23 16:19:22][:00000008] LAUNCH snlua loginserver_main[0m
[32m[INFO][2021-02-23 16:19:22][:00000008] number 8[0m
[32m[INFO][2021-02-23 16:19:22][:00000009] LAUNCH snlua console[0m
[32m[INFO][2021-02-23 16:19:22][:0000000a] LAUNCH snlua hub[0m
[32m[INFO][2021-02-23 16:19:22][:0000000b] LAUNCH snlua authd 10[0m
[32m[INFO][2021-02-23 16:19:22][:0000000c] LAUNCH snlua redisd[0m
[32m[INFO][2021-02-23 16:19:22][:0000000d] LAUNCH snlua redisd[0m
[32m[INFO][2021-02-23 16:19:22][:0000000c] slave : 13[0m
[32m[INFO][2021-02-23 16:19:22][:0000000e] LAUNCH snlua redisd[0m
[32m[INFO][2021-02-23 16:19:22][:0000000c] slave : 14[0m
[32m[INFO][2021-02-23 16:19:22][:0000000f] LAUNCH snlua redisd[0m
[32m[INFO][2021-02-23 16:19:22][:0000000c] slave : 15[0m
[32m[INFO][2021-02-23 16:19:22][:00000010] LAUNCH snlua redisd[0m
[32m[INFO][2021-02-23 16:19:22][:0000000c] slave : 16[0m
[32m[INFO][2021-02-23 16:19:22][:00000011] LAUNCH snlua redisd[0m
[32m[INFO][2021-02-23 16:19:22][:0000000c] slave : 17[0m
[32m[INFO][2021-02-23 16:19:22][:00000012] LAUNCH snlua redisd[0m
[32m[INFO][2021-02-23 16:19:22][:0000000c] slave : 18[0m
[32m[INFO][2021-02-23 16:19:22][:00000013] LAUNCH snlua redisd[0m
[32m[INFO][2021-02-23 16:19:22][:0000000c] slave : 19[0m
[32m[INFO][2021-02-23 16:19:22][:00000014] LAUNCH snlua redisd[0m
[32m[INFO][2021-02-23 16:19:22][:0000000c] slave : 20[0m
[32m[INFO][2021-02-23 16:19:22][:00000015] LAUNCH snlua redisd[0m
[32m[INFO][2021-02-23 16:19:22][:0000000c] slave : 21[0m
[32m[INFO][2021-02-23 16:19:22][:00000016] LAUNCH snlua redisd[0m
[32m[INFO][2021-02-23 16:19:22][:0000000c] slave : 22[0m
[32m[INFO][2021-02-23 16:19:22][:00000017] LAUNCH snlua generatord[0m
[32m[INFO][2021-02-23 16:19:22][:00000018] LAUNCH snlua authd 10[0m
[32m[INFO][2021-02-23 16:19:22][:00000019] LAUNCH snlua authd 10[0m
[32m[INFO][2021-02-23 16:19:22][:0000001a] LAUNCH snlua authd 10[0m
[32m[INFO][2021-02-23 16:19:22][:0000001b] LAUNCH snlua authd 10[0m
[32m[INFO][2021-02-23 16:19:22][:0000001c] LAUNCH snlua authd 10[0m
[32m[INFO][2021-02-23 16:19:22][:0000001d] LAUNCH snlua authd 10[0m
[32m[INFO][2021-02-23 16:19:22][:0000001e] LAUNCH snlua authd 10[0m
[32m[INFO][2021-02-23 16:19:22][:0000001f] LAUNCH snlua authd 10[0m
[32m[INFO][2021-02-23 16:19:22][:00000020] LAUNCH snlua authd 10[0m
[32m[INFO][2021-02-23 16:19:22][:00000021] LAUNCH snlua authd 10[0m
[32m[INFO][2021-02-23 16:19:22][:0000000a] Listen on 127.0.0.1:17000[0m
[32m[INFO][2021-02-23 16:19:22][:0000000a] lua call [8 to :a : 4 msgsz = 55] error : [31m./skynet/lualib/skynet.lua:617: ./skynet/lualib/skynet.lua:184: ./skynet/lualib/snax/gateserver.lua:41: Listen error
stack traceback:
	[C]: in function 'skynet.socketdriver.listen'
	./skynet/lualib/snax/gateserver.lua:41: in local 'f'
	./skynet/lualib/snax/gateserver.lua:149: in upvalue 'f'
	./skynet/lualib/skynet.lua:141: in function <./skynet/lualib/skynet.lua:113>
stack traceback:
	[C]: in function 'assert'
	./skynet/lualib/skynet.lua:617: in function 'skynet.dispatch_message'[0m[0m
[32m[INFO][2021-02-23 16:19:22][:00000008] init service failed: ./skynet/lualib/skynet.lua:359: call failed
stack traceback:
	[C]: in function 'error'
	./skynet/lualib/skynet.lua:359: in upvalue 'yield_call'
	./skynet/lualib/skynet.lua:376: in function 'skynet.manager.call'
	./loginserver/loginserver_main.lua:26: in local 'start'
	./skynet/lualib/skynet.lua:721: in function <./skynet/lualib/skynet.lua:718>
	[C]: in function 'xpcall'
	./skynet/lualib/skynet.lua:725: in function 'skynet.manager.pcall'
	./skynet/lualib/skynet.lua:729: in function 'skynet.manager.init_service'
	./skynet/lualib/skynet.lua:743: in upvalue 'f'
	./skynet/lualib/skynet.lua:114: in function <./skynet/lualib/skynet.lua:113>[0m
[32m[INFO][2021-02-23 16:19:22][:00000008] KILL self[0m
[32m[INFO][2021-02-23 16:19:22][:00000002] KILL self[0m
[32m[INFO][2021-02-23 16:20:26][:00000002] LAUNCH snlua bootstrap[0m
[32m[INFO][2021-02-23 16:20:26][:00000003] LAUNCH snlua launcher[0m
[32m[INFO][2021-02-23 16:20:26][:00000004] LAUNCH snlua cdummy[0m
[32m[INFO][2021-02-23 16:20:26][:00000005] LAUNCH harbor 0 4[0m
[32m[INFO][2021-02-23 16:20:26][:00000006] LAUNCH snlua datacenterd[0m
[32m[INFO][2021-02-23 16:20:26][:00000007] LAUNCH snlua service_mgr[0m
[32m[INFO][2021-02-23 16:20:26][:00000008] LAUNCH snlua loginserver_main[0m
[32m[INFO][2021-02-23 16:20:26][:00000008] number 8[0m
[32m[INFO][2021-02-23 16:20:26][:00000009] LAUNCH snlua console[0m
[32m[INFO][2021-02-23 16:20:26][:0000000a] LAUNCH snlua hub[0m
[32m[INFO][2021-02-23 16:20:26][:0000000b] LAUNCH snlua authd 10[0m
[32m[INFO][2021-02-23 16:20:26][:0000000c] LAUNCH snlua redisd[0m
[32m[INFO][2021-02-23 16:20:27][:0000000d] LAUNCH snlua redisd[0m
[32m[INFO][2021-02-23 16:20:27][:0000000c] slave : 13[0m
[32m[INFO][2021-02-23 16:20:27][:0000000e] LAUNCH snlua redisd[0m
[32m[INFO][2021-02-23 16:20:27][:0000000c] slave : 14[0m
[32m[INFO][2021-02-23 16:20:27][:0000000f] LAUNCH snlua redisd[0m
[32m[INFO][2021-02-23 16:20:27][:0000000c] slave : 15[0m
[32m[INFO][2021-02-23 16:20:27][:00000010] LAUNCH snlua redisd[0m
[32m[INFO][2021-02-23 16:20:27][:0000000c] slave : 16[0m
[32m[INFO][2021-02-23 16:20:27][:00000011] LAUNCH snlua redisd[0m
[32m[INFO][2021-02-23 16:20:27][:0000000c] slave : 17[0m
[32m[INFO][2021-02-23 16:20:27][:00000012] LAUNCH snlua redisd[0m
[32m[INFO][2021-02-23 16:20:27][:0000000c] slave : 18[0m
[32m[INFO][2021-02-23 16:20:27][:00000013] LAUNCH snlua redisd[0m
[32m[INFO][2021-02-23 16:20:27][:0000000c] slave : 19[0m
[32m[INFO][2021-02-23 16:20:27][:00000014] LAUNCH snlua redisd[0m
[32m[INFO][2021-02-23 16:20:27][:0000000c] slave : 20[0m
[32m[INFO][2021-02-23 16:20:27][:00000015] LAUNCH snlua redisd[0m
[32m[INFO][2021-02-23 16:20:27][:0000000c] slave : 21[0m
[32m[INFO][2021-02-23 16:20:27][:00000016] LAUNCH snlua redisd[0m
[32m[INFO][2021-02-23 16:20:27][:0000000c] slave : 22[0m
[32m[INFO][2021-02-23 16:20:27][:00000017] LAUNCH snlua generatord[0m
[32m[INFO][2021-02-23 16:20:27][:00000018] LAUNCH snlua authd 10[0m
[32m[INFO][2021-02-23 16:20:27][:00000019] LAUNCH snlua authd 10[0m
[32m[INFO][2021-02-23 16:20:27][:0000001a] LAUNCH snlua authd 10[0m
[32m[INFO][2021-02-23 16:20:27][:0000001b] LAUNCH snlua authd 10[0m
[32m[INFO][2021-02-23 16:20:27][:0000001c] LAUNCH snlua authd 10[0m
[32m[INFO][2021-02-23 16:20:27][:0000001d] LAUNCH snlua authd 10[0m
[32m[INFO][2021-02-23 16:20:27][:0000001e] LAUNCH snlua authd 10[0m
[32m[INFO][2021-02-23 16:20:27][:0000001f] LAUNCH snlua authd 10[0m
[32m[INFO][2021-02-23 16:20:27][:00000020] LAUNCH snlua authd 10[0m
[32m[INFO][2021-02-23 16:20:27][:00000021] LAUNCH snlua authd 10[0m
[32m[INFO][2021-02-23 16:20:27][:0000000a] Listen on 127.0.0.1:17000[0m
[32m[INFO][2021-02-23 16:20:27][:0000000a] lua call [8 to :a : 4 msgsz = 55] error : [31m./skynet/lualib/skynet.lua:617: ./skynet/lualib/skynet.lua:184: ./skynet/lualib/snax/gateserver.lua:41: Listen error
stack traceback:
	[C]: in function 'skynet.socketdriver.listen'
	./skynet/lualib/snax/gateserver.lua:41: in local 'f'
	./skynet/lualib/snax/gateserver.lua:149: in upvalue 'f'
	./skynet/lualib/skynet.lua:141: in function <./skynet/lualib/skynet.lua:113>
stack traceback:
	[C]: in function 'assert'
	./skynet/lualib/skynet.lua:617: in function 'skynet.dispatch_message'[0m[0m
[32m[INFO][2021-02-23 16:20:27][:00000008] init service failed: ./skynet/lualib/skynet.lua:359: call failed
stack traceback:
	[C]: in function 'error'
	./skynet/lualib/skynet.lua:359: in upvalue 'yield_call'
	./skynet/lualib/skynet.lua:376: in function 'skynet.call'
	./loginserver/loginserver_main.lua:26: in local 'start'
	./skynet/lualib/skynet.lua:721: in function <./skynet/lualib/skynet.lua:718>
	[C]: in function 'xpcall'
	./skynet/lualib/skynet.lua:725: in function 'skynet.pcall'
	./skynet/lualib/skynet.lua:729: in function 'skynet.init_service'
	./skynet/lualib/skynet.lua:743: in upvalue 'f'
	./skynet/lualib/skynet.lua:114: in function <./skynet/lualib/skynet.lua:113>[0m
[32m[INFO][2021-02-23 16:20:27][:00000008] KILL self[0m
[32m[INFO][2021-02-23 16:20:27][:00000002] KILL self[0m
[32m[INFO][2021-02-23 16:22:37][:00000002] LAUNCH snlua bootstrap[0m
[32m[INFO][2021-02-23 16:22:37][:00000003] LAUNCH snlua launcher[0m
[32m[INFO][2021-02-23 16:22:37][:00000004] LAUNCH snlua cdummy[0m
[32m[INFO][2021-02-23 16:22:37][:00000005] LAUNCH harbor 0 4[0m
[32m[INFO][2021-02-23 16:22:37][:00000006] LAUNCH snlua datacenterd[0m
[32m[INFO][2021-02-23 16:22:37][:00000007] LAUNCH snlua service_mgr[0m
[32m[INFO][2021-02-23 16:22:37][:00000008] LAUNCH snlua loginserver_main[0m
[32m[INFO][2021-02-23 16:22:37][:00000008] number 8[0m
[32m[INFO][2021-02-23 16:22:37][:00000009] LAUNCH snlua console[0m
[32m[INFO][2021-02-23 16:22:37][:0000000a] LAUNCH snlua hub[0m
[32m[INFO][2021-02-23 16:22:37][:0000000b] LAUNCH snlua authd 10[0m
[32m[INFO][2021-02-23 16:22:37][:0000000c] LAUNCH snlua redisd[0m
[32m[INFO][2021-02-23 16:22:37][:0000000d] LAUNCH snlua redisd[0m
[32m[INFO][2021-02-23 16:22:37][:0000000c] slave : 13[0m
[32m[INFO][2021-02-23 16:22:37][:0000000e] LAUNCH snlua redisd[0m
[32m[INFO][2021-02-23 16:22:37][:0000000c] slave : 14[0m
[32m[INFO][2021-02-23 16:22:37][:0000000f] LAUNCH snlua redisd[0m
[32m[INFO][2021-02-23 16:22:37][:0000000c] slave : 15[0m
[32m[INFO][2021-02-23 16:22:37][:00000010] LAUNCH snlua redisd[0m
[32m[INFO][2021-02-23 16:22:37][:0000000c] slave : 16[0m
[32m[INFO][2021-02-23 16:22:37][:00000011] LAUNCH snlua redisd[0m
[32m[INFO][2021-02-23 16:22:37][:0000000c] slave : 17[0m
[32m[INFO][2021-02-23 16:22:37][:00000012] LAUNCH snlua redisd[0m
[32m[INFO][2021-02-23 16:22:37][:0000000c] slave : 18[0m
[32m[INFO][2021-02-23 16:22:37][:00000013] LAUNCH snlua redisd[0m
[32m[INFO][2021-02-23 16:22:37][:0000000c] slave : 19[0m
[32m[INFO][2021-02-23 16:22:37][:00000014] LAUNCH snlua redisd[0m
[32m[INFO][2021-02-23 16:22:37][:0000000c] slave : 20[0m
[32m[INFO][2021-02-23 16:22:37][:00000015] LAUNCH snlua redisd[0m
[32m[INFO][2021-02-23 16:22:37][:0000000c] slave : 21[0m
[32m[INFO][2021-02-23 16:22:37][:00000016] LAUNCH snlua redisd[0m
[32m[INFO][2021-02-23 16:22:37][:0000000c] slave : 22[0m
[32m[INFO][2021-02-23 16:22:37][:00000017] LAUNCH snlua generatord[0m
[32m[INFO][2021-02-23 16:22:37][:00000018] LAUNCH snlua authd 10[0m
[32m[INFO][2021-02-23 16:22:37][:00000019] LAUNCH snlua authd 10[0m
[32m[INFO][2021-02-23 16:22:37][:0000001a] LAUNCH snlua authd 10[0m
[32m[INFO][2021-02-23 16:22:37][:0000001b] LAUNCH snlua authd 10[0m
[32m[INFO][2021-02-23 16:22:37][:0000001c] LAUNCH snlua authd 10[0m
[32m[INFO][2021-02-23 16:22:38][:0000001d] LAUNCH snlua authd 10[0m
[32m[INFO][2021-02-23 16:22:38][:0000001e] LAUNCH snlua authd 10[0m
[32m[INFO][2021-02-23 16:22:38][:0000001f] LAUNCH snlua authd 10[0m
[32m[INFO][2021-02-23 16:22:38][:00000020] LAUNCH snlua authd 10[0m
[32m[INFO][2021-02-23 16:22:38][:00000021] LAUNCH snlua authd 10[0m
[32m[INFO][2021-02-23 16:22:38][:0000000a] Listen on 127.0.0.1:17000[0m
[32m[INFO][2021-02-23 16:22:38][:0000000a] lua call [8 to :a : 4 msgsz = 55] error : [31m./skynet/lualib/skynet.lua:617: ./skynet/lualib/skynet.lua:184: ./skynet/lualib/snax/gateserver.lua:42: Listen error
stack traceback:
	[C]: in function 'skynet.socketdriver.listen'
	./skynet/lualib/snax/gateserver.lua:42: in local 'f'
	./skynet/lualib/snax/gateserver.lua:150: in upvalue 'f'
	./skynet/lualib/skynet.lua:141: in function <./skynet/lualib/skynet.lua:113>
stack traceback:
	[C]: in function 'assert'
	./skynet/lualib/skynet.lua:617: in function 'skynet.dispatch_message'[0m[0m
[32m[INFO][2021-02-23 16:22:38][:00000008] init service failed: ./skynet/lualib/skynet.lua:359: call failed
stack traceback:
	[C]: in function 'error'
	./skynet/lualib/skynet.lua:359: in upvalue 'yield_call'
	./skynet/lualib/skynet.lua:376: in function 'skynet.manager.call'
	./loginserver/loginserver_main.lua:26: in local 'start'
	./skynet/lualib/skynet.lua:721: in function <./skynet/lualib/skynet.lua:718>
	[C]: in function 'xpcall'
	./skynet/lualib/skynet.lua:725: in function 'skynet.manager.pcall'
	./skynet/lualib/skynet.lua:729: in function 'skynet.manager.init_service'
	./skynet/lualib/skynet.lua:743: in upvalue 'f'
	./skynet/lualib/skynet.lua:114: in function <./skynet/lualib/skynet.lua:113>[0m
[32m[INFO][2021-02-23 16:22:38][:00000008] KILL self[0m
[32m[INFO][2021-02-23 16:22:38][:00000002] KILL self[0m
[32m[INFO][2021-02-23 16:23:04][:00000002] LAUNCH snlua bootstrap[0m
[32m[INFO][2021-02-23 16:23:04][:00000003] LAUNCH snlua launcher[0m
[32m[INFO][2021-02-23 16:23:04][:00000004] LAUNCH snlua cdummy[0m
[32m[INFO][2021-02-23 16:23:04][:00000005] LAUNCH harbor 0 4[0m
[32m[INFO][2021-02-23 16:23:04][:00000006] LAUNCH snlua datacenterd[0m
[32m[INFO][2021-02-23 16:23:04][:00000007] LAUNCH snlua service_mgr[0m
[32m[INFO][2021-02-23 16:23:04][:00000008] LAUNCH snlua loginserver_main[0m
[32m[INFO][2021-02-23 16:23:04][:00000008] number 8[0m
[32m[INFO][2021-02-23 16:23:04][:00000009] LAUNCH snlua console[0m
[32m[INFO][2021-02-23 16:23:04][:0000000a] LAUNCH snlua hub[0m
[32m[INFO][2021-02-23 16:23:04][:0000000b] LAUNCH snlua authd 10[0m
[32m[INFO][2021-02-23 16:23:04][:0000000c] LAUNCH snlua redisd[0m
[32m[INFO][2021-02-23 16:23:04][:0000000d] LAUNCH snlua redisd[0m
[32m[INFO][2021-02-23 16:23:04][:0000000c] slave : 13[0m
[32m[INFO][2021-02-23 16:23:04][:0000000e] LAUNCH snlua redisd[0m
[32m[INFO][2021-02-23 16:23:04][:0000000c] slave : 14[0m
[32m[INFO][2021-02-23 16:23:04][:0000000f] LAUNCH snlua redisd[0m
[32m[INFO][2021-02-23 16:23:04][:0000000c] slave : 15[0m
[32m[INFO][2021-02-23 16:23:04][:00000010] LAUNCH snlua redisd[0m
[32m[INFO][2021-02-23 16:23:04][:0000000c] slave : 16[0m
[32m[INFO][2021-02-23 16:23:04][:00000011] LAUNCH snlua redisd[0m
[32m[INFO][2021-02-23 16:23:04][:0000000c] slave : 17[0m
[32m[INFO][2021-02-23 16:23:04][:00000012] LAUNCH snlua redisd[0m
[32m[INFO][2021-02-23 16:23:04][:0000000c] slave : 18[0m
[32m[INFO][2021-02-23 16:23:04][:00000013] LAUNCH snlua redisd[0m
[32m[INFO][2021-02-23 16:23:04][:0000000c] slave : 19[0m
[32m[INFO][2021-02-23 16:23:04][:00000014] LAUNCH snlua redisd[0m
[32m[INFO][2021-02-23 16:23:04][:0000000c] slave : 20[0m
[32m[INFO][2021-02-23 16:23:04][:00000015] LAUNCH snlua redisd[0m
[32m[INFO][2021-02-23 16:23:04][:0000000c] slave : 21[0m
[32m[INFO][2021-02-23 16:23:04][:00000016] LAUNCH snlua redisd[0m
[32m[INFO][2021-02-23 16:23:04][:0000000c] slave : 22[0m
[32m[INFO][2021-02-23 16:23:04][:00000017] LAUNCH snlua generatord[0m
[32m[INFO][2021-02-23 16:23:04][:00000018] LAUNCH snlua authd 10[0m
[32m[INFO][2021-02-23 16:23:04][:00000019] LAUNCH snlua authd 10[0m
[32m[INFO][2021-02-23 16:23:04][:0000001a] LAUNCH snlua authd 10[0m
[32m[INFO][2021-02-23 16:23:04][:0000001b] LAUNCH snlua authd 10[0m
[32m[INFO][2021-02-23 16:23:04][:0000001c] LAUNCH snlua authd 10[0m
[32m[INFO][2021-02-23 16:23:04][:0000001d] LAUNCH snlua authd 10[0m
[32m[INFO][2021-02-23 16:23:04][:0000001e] LAUNCH snlua authd 10[0m
[32m[INFO][2021-02-23 16:23:04][:0000001f] LAUNCH snlua authd 10[0m
[32m[INFO][2021-02-23 16:23:05][:00000020] LAUNCH snlua authd 10[0m
[32m[INFO][2021-02-23 16:23:05][:00000021] LAUNCH snlua authd 10[0m
[32m[INFO][2021-02-23 16:23:05][:0000000a] Listen on 127.0.0.1:17000[0m
[32m[INFO][2021-02-23 16:23:05][:00000008] KILL self[0m
[32m[INFO][2021-02-23 16:23:05][:00000002] KILL self[0m
[32m[INFO][2021-02-23 16:23:25][:00000002] LAUNCH snlua bootstrap[0m
[32m[INFO][2021-02-23 16:23:25][:00000003] LAUNCH snlua launcher[0m
[32m[INFO][2021-02-23 16:23:25][:00000004] LAUNCH snlua cdummy[0m
[32m[INFO][2021-02-23 16:23:25][:00000005] LAUNCH harbor 0 4[0m
[32m[INFO][2021-02-23 16:23:25][:00000006] LAUNCH snlua datacenterd[0m
[32m[INFO][2021-02-23 16:23:25][:00000007] LAUNCH snlua service_mgr[0m
[32m[INFO][2021-02-23 16:23:25][:00000008] LAUNCH snlua loginserver_main[0m
[32m[INFO][2021-02-23 16:23:25][:00000008] number 8[0m
[32m[INFO][2021-02-23 16:23:25][:00000009] LAUNCH snlua console[0m
[32m[INFO][2021-02-23 16:23:25][:0000000a] LAUNCH snlua hub[0m
[32m[INFO][2021-02-23 16:23:25][:0000000b] LAUNCH snlua authd 10[0m
[32m[INFO][2021-02-23 16:23:25][:0000000c] LAUNCH snlua redisd[0m
[32m[INFO][2021-02-23 16:23:25][:0000000d] LAUNCH snlua redisd[0m
[32m[INFO][2021-02-23 16:23:25][:0000000c] slave : 13[0m
[32m[INFO][2021-02-23 16:23:25][:0000000e] LAUNCH snlua redisd[0m
[32m[INFO][2021-02-23 16:23:25][:0000000c] slave : 14[0m
[32m[INFO][2021-02-23 16:23:25][:0000000f] LAUNCH snlua redisd[0m
[32m[INFO][2021-02-23 16:23:25][:0000000c] slave : 15[0m
[32m[INFO][2021-02-23 16:23:25][:00000010] LAUNCH snlua redisd[0m
[32m[INFO][2021-02-23 16:23:25][:0000000c] slave : 16[0m
[32m[INFO][2021-02-23 16:23:25][:00000011] LAUNCH snlua redisd[0m
[32m[INFO][2021-02-23 16:23:25][:0000000c] slave : 17[0m
[32m[INFO][2021-02-23 16:23:25][:00000012] LAUNCH snlua redisd[0m
[32m[INFO][2021-02-23 16:23:25][:0000000c] slave : 18[0m
[32m[INFO][2021-02-23 16:23:25][:00000013] LAUNCH snlua redisd[0m
[32m[INFO][2021-02-23 16:23:25][:0000000c] slave : 19[0m
[32m[INFO][2021-02-23 16:23:25][:00000014] LAUNCH snlua redisd[0m
[32m[INFO][2021-02-23 16:23:25][:0000000c] slave : 20[0m
[32m[INFO][2021-02-23 16:23:25][:00000015] LAUNCH snlua redisd[0m
[32m[INFO][2021-02-23 16:23:25][:0000000c] slave : 21[0m
[32m[INFO][2021-02-23 16:23:25][:00000016] LAUNCH snlua redisd[0m
[32m[INFO][2021-02-23 16:23:25][:0000000c] slave : 22[0m
[32m[INFO][2021-02-23 16:23:25][:00000017] LAUNCH snlua generatord[0m
[32m[INFO][2021-02-23 16:23:25][:00000018] LAUNCH snlua authd 10[0m
[32m[INFO][2021-02-23 16:23:25][:00000019] LAUNCH snlua authd 10[0m
[32m[INFO][2021-02-23 16:23:25][:0000001a] LAUNCH snlua authd 10[0m
[32m[INFO][2021-02-23 16:23:25][:0000001b] LAUNCH snlua authd 10[0m
[32m[INFO][2021-02-23 16:23:25][:0000001c] LAUNCH snlua authd 10[0m
[32m[INFO][2021-02-23 16:23:25][:0000001d] LAUNCH snlua authd 10[0m
[32m[INFO][2021-02-23 16:23:25][:0000001e] LAUNCH snlua authd 10[0m
[32m[INFO][2021-02-23 16:23:25][:0000001f] LAUNCH snlua authd 10[0m
[32m[INFO][2021-02-23 16:23:25][:00000020] LAUNCH snlua authd 10[0m
[32m[INFO][2021-02-23 16:23:25][:00000021] LAUNCH snlua authd 10[0m
[32m[INFO][2021-02-23 16:23:25][:0000000a] Listen on 127.0.0.1:17000[0m
[32m[INFO][2021-02-23 16:23:25][:00000008] KILL self[0m
[32m[INFO][2021-02-23 16:23:25][:00000002] KILL self[0m
[32m[INFO][2021-02-23 16:23:52][:0000001a] request::
{
	["data"]=
	{
		["password"]="dqh1993027399209206",
		["account"]="dingqinghis399209206",
	},
	["name"]="register",
}[0m
[32m[INFO][2021-02-23 16:23:52][:0000001a] request::
{
	["name"]="ping",
}[0m
[32m[INFO][2021-02-23 16:23:52][:0000001a] respond_ping::
{
	["errcode"]=1,
	["result"]=
	{
		["now"]=1614068632.09,
	},
	["name"]="response_ping",
}[0m
[32m[INFO][2021-02-23 16:23:52][:0000001a] respond_register::
{
	["errcode"]=1,
	["name"]="response_register",
}[0m
[32m[INFO][2021-02-23 16:23:57][:0000001a] request::
{
	["name"]="ping",
}[0m
[32m[INFO][2021-02-23 16:23:57][:0000001a] respond_ping::
{
	["errcode"]=1,
	["result"]=
	{
		["now"]=1614068637.08,
	},
	["name"]="response_ping",
}[0m
[32m[INFO][2021-02-23 16:24:02][:0000001a] request::
{
	["name"]="ping",
}[0m
[32m[INFO][2021-02-23 16:24:02][:0000001a] respond_ping::
{
	["errcode"]=1,
	["result"]=
	{
		["now"]=1614068642.09,
	},
	["name"]="response_ping",
}[0m
