[32m[INFO][2021-02-24 09:15:55][:00000002] LAUNCH snlua bootstrap[0m
[32m[INFO][2021-02-24 09:15:55][:00000003] LAUNCH snlua launcher[0m
[32m[INFO][2021-02-24 09:15:55][:00000004] LAUNCH snlua cdummy[0m
[32m[INFO][2021-02-24 09:15:55][:00000005] LAUNCH harbor 0 4[0m
[32m[INFO][2021-02-24 09:15:55][:00000006] LAUNCH snlua datacenterd[0m
[32m[INFO][2021-02-24 09:15:55][:00000007] LAUNCH snlua service_mgr[0m
[32m[INFO][2021-02-24 09:15:55][:00000008] LAUNCH snlua loginserver_main[0m
[32m[INFO][2021-02-24 09:15:55][:00000008] number 8[0m
[32m[INFO][2021-02-24 09:15:55][:00000009] LAUNCH snlua console[0m
[32m[INFO][2021-02-24 09:15:55][:0000000a] LAUNCH snlua hub[0m
[32m[INFO][2021-02-24 09:15:55][:0000000b] LAUNCH snlua authd 10[0m
[32m[INFO][2021-02-24 09:15:56][:0000000c] LAUNCH snlua redisd[0m
[32m[INFO][2021-02-24 09:15:56][:0000000d] LAUNCH snlua redisd[0m
[32m[INFO][2021-02-24 09:15:56][:0000000c] slave : 13[0m
[32m[INFO][2021-02-24 09:15:56][:0000000e] LAUNCH snlua redisd[0m
[32m[INFO][2021-02-24 09:15:56][:0000000c] slave : 14[0m
[32m[INFO][2021-02-24 09:15:56][:0000000f] LAUNCH snlua redisd[0m
[32m[INFO][2021-02-24 09:15:56][:0000000c] slave : 15[0m
[32m[INFO][2021-02-24 09:15:56][:00000010] LAUNCH snlua redisd[0m
[32m[INFO][2021-02-24 09:15:56][:0000000c] slave : 16[0m
[32m[INFO][2021-02-24 09:15:56][:00000011] LAUNCH snlua redisd[0m
[32m[INFO][2021-02-24 09:15:56][:0000000c] slave : 17[0m
[32m[INFO][2021-02-24 09:15:56][:00000012] LAUNCH snlua redisd[0m
[32m[INFO][2021-02-24 09:15:56][:0000000c] slave : 18[0m
[32m[INFO][2021-02-24 09:15:56][:00000013] LAUNCH snlua redisd[0m
[32m[INFO][2021-02-24 09:15:56][:0000000c] slave : 19[0m
[32m[INFO][2021-02-24 09:15:56][:00000014] LAUNCH snlua redisd[0m
[32m[INFO][2021-02-24 09:15:56][:0000000c] slave : 20[0m
[32m[INFO][2021-02-24 09:15:56][:00000015] LAUNCH snlua redisd[0m
[32m[INFO][2021-02-24 09:15:56][:0000000c] slave : 21[0m
[32m[INFO][2021-02-24 09:15:56][:00000016] LAUNCH snlua redisd[0m
[32m[INFO][2021-02-24 09:15:56][:0000000c] slave : 22[0m
[32m[INFO][2021-02-24 09:15:56][:00000017] LAUNCH snlua generatord[0m
[32m[INFO][2021-02-24 09:15:56][:00000018] LAUNCH snlua authd 10[0m
[32m[INFO][2021-02-24 09:15:56][:00000018] init service failed: ./lualib/client.lua:144: attempt to call a nil value (field 'register_protocol')
stack traceback:
	./lualib/client.lua:144: in function 'client.start'
	./loginserver/authd.lua:33: in upvalue 'slave_laucher'
	./loginserver/authd.lua:64: in local 'start'
	./skynet/lualib/skynet.lua:721: in function <./skynet/lualib/skynet.lua:718>
	[C]: in function 'xpcall'
	./skynet/lualib/skynet.lua:725: in function 'skynet.pcall'
	./skynet/lualib/skynet.lua:729: in function 'skynet.init_service'
	./skynet/lualib/skynet.lua:743: in upvalue 'f'
	./skynet/lualib/skynet.lua:114: in function <./skynet/lualib/skynet.lua:113>[0m
[32m[INFO][2021-02-24 09:15:56][:00000018] KILL self[0m
[32m[INFO][2021-02-24 09:15:56][:0000000b] init service failed: ./skynet/lualib/skynet.lua:359: call failed
stack traceback:
	[C]: in function 'error'
	./skynet/lualib/skynet.lua:359: in upvalue 'yield_call'
	./skynet/lualib/skynet.lua:376: in function 'skynet.call'
	(...tail calls...)
	./loginserver/authd.lua:41: in upvalue 'master_laucher'
	./loginserver/authd.lua:67: in local 'start'
	./skynet/lualib/skynet.lua:721: in function <./skynet/lualib/skynet.lua:718>
	[C]: in function 'xpcall'
	./skynet/lualib/skynet.lua:725: in function 'skynet.pcall'
	./skynet/lualib/skynet.lua:729: in function 'skynet.init_service'
	./skynet/lualib/skynet.lua:743: in upvalue 'f'
	./skynet/lualib/skynet.lua:114: in function <./skynet/lualib/skynet.lua:113>[0m
[32m[INFO][2021-02-24 09:15:56][:0000000b] KILL self[0m
[32m[INFO][2021-02-24 09:15:56][:0000000a] init service failed: ./skynet/lualib/skynet.lua:628: ./skynet/service/service_mgr.lua:25: ./skynet/lualib/skynet.lua:359: call failed
stack traceback:
	[C]: in function 'assert'
	./skynet/lualib/skynet.lua:628: in function 'skynet.uniqueservice'
	./loginserver/hub.lua:102: in local 'f'
	./skynet/lualib/skynet.lua:708: in upvalue 'init_all'
	./skynet/lualib/skynet.lua:719: in function <./skynet/lualib/skynet.lua:718>
	[C]: in function 'xpcall'
	./skynet/lualib/skynet.lua:725: in function 'skynet.pcall'
	./skynet/lualib/skynet.lua:729: in function 'skynet.init_service'
	./skynet/lualib/skynet.lua:743: in upvalue 'f'
	./skynet/lualib/skynet.lua:114: in function <./skynet/lualib/skynet.lua:113>[0m
[32m[INFO][2021-02-24 09:15:56][:0000000a] KILL self[0m
[32m[INFO][2021-02-24 09:15:56][:00000008] init service failed: ./skynet/lualib/skynet.lua:359: call failed
stack traceback:
	[C]: in function 'error'
	./skynet/lualib/skynet.lua:359: in upvalue 'yield_call'
	./skynet/lualib/skynet.lua:376: in function 'skynet.call'
	(...tail calls...)
	./loginserver/loginserver_main.lua:19: in local 'start'
	./skynet/lualib/skynet.lua:721: in function <./skynet/lualib/skynet.lua:718>
	[C]: in function 'xpcall'
	./skynet/lualib/skynet.lua:725: in function 'skynet.pcall'
	./skynet/lualib/skynet.lua:729: in function 'skynet.init_service'
	./skynet/lualib/skynet.lua:743: in upvalue 'f'
	./skynet/lualib/skynet.lua:114: in function <./skynet/lualib/skynet.lua:113>[0m
[32m[INFO][2021-02-24 09:15:56][:00000008] KILL self[0m
[32m[INFO][2021-02-24 09:15:56][:00000002] KILL self[0m
[32m[INFO][2021-02-24 09:16:25][:00000002] LAUNCH snlua bootstrap[0m
[32m[INFO][2021-02-24 09:16:25][:00000003] LAUNCH snlua launcher[0m
[32m[INFO][2021-02-24 09:16:25][:00000004] LAUNCH snlua cdummy[0m
[32m[INFO][2021-02-24 09:16:25][:00000005] LAUNCH harbor 0 4[0m
[32m[INFO][2021-02-24 09:16:25][:00000006] LAUNCH snlua datacenterd[0m
[32m[INFO][2021-02-24 09:16:25][:00000007] LAUNCH snlua service_mgr[0m
[32m[INFO][2021-02-24 09:16:25][:00000008] LAUNCH snlua loginserver_main[0m
[32m[INFO][2021-02-24 09:16:25][:00000008] number 8[0m
[32m[INFO][2021-02-24 09:16:25][:00000009] LAUNCH snlua console[0m
[32m[INFO][2021-02-24 09:16:25][:0000000a] LAUNCH snlua hub[0m
[32m[INFO][2021-02-24 09:16:25][:0000000b] LAUNCH snlua authd 10[0m
[32m[INFO][2021-02-24 09:16:25][:0000000c] LAUNCH snlua redisd[0m
[32m[INFO][2021-02-24 09:16:25][:0000000d] LAUNCH snlua redisd[0m
[32m[INFO][2021-02-24 09:16:25][:0000000c] slave : 13[0m
[32m[INFO][2021-02-24 09:16:25][:0000000e] LAUNCH snlua redisd[0m
[32m[INFO][2021-02-24 09:16:25][:0000000c] slave : 14[0m
[32m[INFO][2021-02-24 09:16:25][:0000000f] LAUNCH snlua redisd[0m
[32m[INFO][2021-02-24 09:16:26][:0000000c] slave : 15[0m
[32m[INFO][2021-02-24 09:16:26][:00000010] LAUNCH snlua redisd[0m
[32m[INFO][2021-02-24 09:16:26][:0000000c] slave : 16[0m
[32m[INFO][2021-02-24 09:16:26][:00000011] LAUNCH snlua redisd[0m
[32m[INFO][2021-02-24 09:16:26][:0000000c] slave : 17[0m
[32m[INFO][2021-02-24 09:16:26][:00000012] LAUNCH snlua redisd[0m
[32m[INFO][2021-02-24 09:16:26][:0000000c] slave : 18[0m
[32m[INFO][2021-02-24 09:16:26][:00000013] LAUNCH snlua redisd[0m
[32m[INFO][2021-02-24 09:16:26][:0000000c] slave : 19[0m
[32m[INFO][2021-02-24 09:16:26][:00000014] LAUNCH snlua redisd[0m
[32m[INFO][2021-02-24 09:16:26][:0000000c] slave : 20[0m
[32m[INFO][2021-02-24 09:16:26][:00000015] LAUNCH snlua redisd[0m
[32m[INFO][2021-02-24 09:16:26][:0000000c] slave : 21[0m
[32m[INFO][2021-02-24 09:16:26][:00000016] LAUNCH snlua redisd[0m
[32m[INFO][2021-02-24 09:16:26][:0000000c] slave : 22[0m
[32m[INFO][2021-02-24 09:16:26][:00000017] LAUNCH snlua generatord[0m
[32m[INFO][2021-02-24 09:16:26][:00000018] LAUNCH snlua authd 10[0m
[32m[INFO][2021-02-24 09:16:26][:00000019] LAUNCH snlua authd 10[0m
[32m[INFO][2021-02-24 09:16:26][:0000001a] LAUNCH snlua authd 10[0m
[32m[INFO][2021-02-24 09:16:26][:0000001b] LAUNCH snlua authd 10[0m
[32m[INFO][2021-02-24 09:16:26][:0000001c] LAUNCH snlua authd 10[0m
[32m[INFO][2021-02-24 09:16:26][:0000001d] LAUNCH snlua authd 10[0m
[32m[INFO][2021-02-24 09:16:26][:0000001e] LAUNCH snlua authd 10[0m
[32m[INFO][2021-02-24 09:16:26][:0000001f] LAUNCH snlua authd 10[0m
[32m[INFO][2021-02-24 09:16:26][:00000020] LAUNCH snlua authd 10[0m
[32m[INFO][2021-02-24 09:16:26][:00000021] LAUNCH snlua authd 10[0m
[32m[INFO][2021-02-24 09:16:26][:0000000a] Listen on 127.0.0.1:17000[0m
[32m[INFO][2021-02-24 09:16:26][:00000008] KILL self[0m
[32m[INFO][2021-02-24 09:16:26][:00000002] KILL self[0m
[32m[INFO][2021-02-24 09:25:43][:00000002] LAUNCH snlua bootstrap[0m
[32m[INFO][2021-02-24 09:25:43][:00000003] LAUNCH snlua launcher[0m
[32m[INFO][2021-02-24 09:25:43][:00000004] LAUNCH snlua cdummy[0m
[32m[INFO][2021-02-24 09:25:43][:00000005] LAUNCH harbor 0 4[0m
[32m[INFO][2021-02-24 09:25:43][:00000006] LAUNCH snlua datacenterd[0m
[32m[INFO][2021-02-24 09:25:43][:00000007] LAUNCH snlua service_mgr[0m
[32m[INFO][2021-02-24 09:25:43][:00000008] LAUNCH snlua loginserver_main[0m
[32m[INFO][2021-02-24 09:25:43][:00000008] number 8[0m
[32m[INFO][2021-02-24 09:25:43][:00000009] LAUNCH snlua console[0m
[32m[INFO][2021-02-24 09:25:43][:0000000a] LAUNCH snlua hub[0m
[32m[INFO][2021-02-24 09:25:43][:0000000b] LAUNCH snlua authd 10[0m
[32m[INFO][2021-02-24 09:25:43][:0000000c] LAUNCH snlua redisd[0m
[32m[INFO][2021-02-24 09:25:43][:0000000d] LAUNCH snlua redisd[0m
[32m[INFO][2021-02-24 09:25:43][:0000000c] slave : 13[0m
[32m[INFO][2021-02-24 09:25:43][:0000000e] LAUNCH snlua redisd[0m
[32m[INFO][2021-02-24 09:25:43][:0000000c] slave : 14[0m
[32m[INFO][2021-02-24 09:25:43][:0000000f] LAUNCH snlua redisd[0m
[32m[INFO][2021-02-24 09:25:43][:0000000c] slave : 15[0m
[32m[INFO][2021-02-24 09:25:43][:00000010] LAUNCH snlua redisd[0m
[32m[INFO][2021-02-24 09:25:43][:0000000c] slave : 16[0m
[32m[INFO][2021-02-24 09:25:43][:00000011] LAUNCH snlua redisd[0m
[32m[INFO][2021-02-24 09:25:43][:0000000c] slave : 17[0m
[32m[INFO][2021-02-24 09:25:43][:00000012] LAUNCH snlua redisd[0m
[32m[INFO][2021-02-24 09:25:43][:0000000c] slave : 18[0m
[32m[INFO][2021-02-24 09:25:43][:00000013] LAUNCH snlua redisd[0m
[32m[INFO][2021-02-24 09:25:43][:0000000c] slave : 19[0m
[32m[INFO][2021-02-24 09:25:43][:00000014] LAUNCH snlua redisd[0m
[32m[INFO][2021-02-24 09:25:43][:0000000c] slave : 20[0m
[32m[INFO][2021-02-24 09:25:43][:00000015] LAUNCH snlua redisd[0m
[32m[INFO][2021-02-24 09:25:43][:0000000c] slave : 21[0m
[32m[INFO][2021-02-24 09:25:43][:00000016] LAUNCH snlua redisd[0m
[32m[INFO][2021-02-24 09:25:43][:0000000c] slave : 22[0m
[32m[INFO][2021-02-24 09:25:43][:00000017] LAUNCH snlua generatord[0m
[32m[INFO][2021-02-24 09:25:43][:00000018] LAUNCH snlua authd 10[0m
[32m[INFO][2021-02-24 09:25:43][:00000019] LAUNCH snlua authd 10[0m
[32m[INFO][2021-02-24 09:25:43][:0000001a] LAUNCH snlua authd 10[0m
[32m[INFO][2021-02-24 09:25:43][:0000001b] LAUNCH snlua authd 10[0m
[32m[INFO][2021-02-24 09:25:43][:0000001c] LAUNCH snlua authd 10[0m
[32m[INFO][2021-02-24 09:25:43][:0000001d] LAUNCH snlua authd 10[0m
[32m[INFO][2021-02-24 09:25:43][:0000001e] LAUNCH snlua authd 10[0m
[32m[INFO][2021-02-24 09:25:43][:0000001f] LAUNCH snlua authd 10[0m
[32m[INFO][2021-02-24 09:25:43][:00000020] LAUNCH snlua authd 10[0m
[32m[INFO][2021-02-24 09:25:43][:00000021] LAUNCH snlua authd 10[0m
[32m[INFO][2021-02-24 09:25:43][:0000000a] Listen on 127.0.0.1:17000[0m
[32m[INFO][2021-02-24 09:25:43][:00000008] KILL self[0m
[32m[INFO][2021-02-24 09:25:43][:00000002] KILL self[0m
[32m[INFO][2021-02-24 09:26:37][:0000001a] lua call [a to :1a : 4 msgsz = 10] error : [31m./skynet/lualib/skynet.lua:617: ./skynet/lualib/skynet.lua:184: ./loginserver/authd.lua:16: attempt to call a nil value (field 'start_ping')
stack traceback:
	./loginserver/authd.lua:16: in local 'f'
	./loginserver/authd.lua:26: in upvalue 'f'
	./skynet/lualib/skynet.lua:141: in function <./skynet/lualib/skynet.lua:113>
stack traceback:
	[C]: in function 'assert'
	./skynet/lualib/skynet.lua:617: in function 'skynet.dispatch_message'[0m[0m
[32m[INFO][2021-02-24 09:26:37][:0000000a] lua call [1a to :a : 4 msgsz = 0] error : [31m./skynet/lualib/skynet.lua:617: ./skynet/lualib/skynet.lua:184: ./skynet/lualib/skynet.lua:359: call failed
stack traceback:
	[C]: in function 'error'
	./skynet/lualib/skynet.lua:359: in upvalue 'yield_call'
	./skynet/lualib/skynet.lua:376: in function 'skynet.call'
	./loginserver/hub.lua:60: in field 'connect'
	./skynet/lualib/snax/gateserver.lua:92: in field '?'
	./skynet/lualib/snax/gateserver.lua:141: in upvalue 'f'
	./skynet/lualib/skynet.lua:141: in function <./skynet/lualib/skynet.lua:113>
stack traceback:
	[C]: in function 'assert'
	./skynet/lualib/skynet.lua:617: in function 'skynet.dispatch_message'[0m[0m
[32m[INFO][2021-02-24 09:26:37][:0000001a] request::
{
	["data"]=
	{
		["password"]="dqh1993027791109736",
		["account"]="dingqinghis791109736",
	},
	["name"]="register",
}[0m
[32m[INFO][2021-02-24 09:26:37][:0000001a] request::
{
	["name"]="ping",
}[0m
[32m[INFO][2021-02-24 09:26:37][:0000001a] respond_ping::
{
	["name"]="response_ping",
}[0m
[32m[INFO][2021-02-24 09:26:37][:0000001a] respond_register::
{
	["name"]="response_register",
	["errcode"]=1,
}[0m
[32m[INFO][2021-02-24 09:26:42][:0000001a] request::
{
	["name"]="ping",
}[0m
[32m[INFO][2021-02-24 09:26:42][:0000001a] respond_ping::
{
	["name"]="response_ping",
}[0m
[32m[INFO][2021-02-24 09:26:47][:0000001a] request::
{
	["name"]="ping",
}[0m
[32m[INFO][2021-02-24 09:26:47][:0000001a] respond_ping::
{
	["name"]="response_ping",
}[0m
[32m[INFO][2021-02-24 09:27:39][:00000002] LAUNCH snlua bootstrap[0m
[32m[INFO][2021-02-24 09:27:39][:00000003] LAUNCH snlua launcher[0m
[32m[INFO][2021-02-24 09:27:39][:00000004] LAUNCH snlua cdummy[0m
[32m[INFO][2021-02-24 09:27:39][:00000005] LAUNCH harbor 0 4[0m
[32m[INFO][2021-02-24 09:27:39][:00000006] LAUNCH snlua datacenterd[0m
[32m[INFO][2021-02-24 09:27:39][:00000007] LAUNCH snlua service_mgr[0m
[32m[INFO][2021-02-24 09:27:39][:00000008] LAUNCH snlua loginserver_main[0m
[32m[INFO][2021-02-24 09:27:39][:00000008] number 8[0m
[32m[INFO][2021-02-24 09:27:39][:00000009] LAUNCH snlua console[0m
[32m[INFO][2021-02-24 09:27:39][:0000000a] LAUNCH snlua hub[0m
[32m[INFO][2021-02-24 09:27:39][:0000000b] LAUNCH snlua authd 10[0m
[32m[INFO][2021-02-24 09:27:39][:0000000c] LAUNCH snlua redisd[0m
[32m[INFO][2021-02-24 09:27:39][:0000000d] LAUNCH snlua redisd[0m
[32m[INFO][2021-02-24 09:27:39][:0000000c] slave : 13[0m
[32m[INFO][2021-02-24 09:27:39][:0000000e] LAUNCH snlua redisd[0m
[32m[INFO][2021-02-24 09:27:39][:0000000c] slave : 14[0m
[32m[INFO][2021-02-24 09:27:39][:0000000f] LAUNCH snlua redisd[0m
[32m[INFO][2021-02-24 09:27:39][:0000000c] slave : 15[0m
[32m[INFO][2021-02-24 09:27:39][:00000010] LAUNCH snlua redisd[0m
[32m[INFO][2021-02-24 09:27:39][:0000000c] slave : 16[0m
[32m[INFO][2021-02-24 09:27:39][:00000011] LAUNCH snlua redisd[0m
[32m[INFO][2021-02-24 09:27:39][:0000000c] slave : 17[0m
[32m[INFO][2021-02-24 09:27:39][:00000012] LAUNCH snlua redisd[0m
[32m[INFO][2021-02-24 09:27:39][:0000000c] slave : 18[0m
[32m[INFO][2021-02-24 09:27:39][:00000013] LAUNCH snlua redisd[0m
[32m[INFO][2021-02-24 09:27:39][:0000000c] slave : 19[0m
[32m[INFO][2021-02-24 09:27:39][:00000014] LAUNCH snlua redisd[0m
[32m[INFO][2021-02-24 09:27:39][:0000000c] slave : 20[0m
[32m[INFO][2021-02-24 09:27:39][:00000015] LAUNCH snlua redisd[0m
[32m[INFO][2021-02-24 09:27:39][:0000000c] slave : 21[0m
[32m[INFO][2021-02-24 09:27:39][:00000016] LAUNCH snlua redisd[0m
[32m[INFO][2021-02-24 09:27:39][:0000000c] slave : 22[0m
[32m[INFO][2021-02-24 09:27:39][:00000017] LAUNCH snlua generatord[0m
[32m[INFO][2021-02-24 09:27:39][:00000018] LAUNCH snlua authd 10[0m
[32m[INFO][2021-02-24 09:27:39][:00000019] LAUNCH snlua authd 10[0m
[32m[INFO][2021-02-24 09:27:39][:0000001a] LAUNCH snlua authd 10[0m
[32m[INFO][2021-02-24 09:27:39][:0000001b] LAUNCH snlua authd 10[0m
[32m[INFO][2021-02-24 09:27:39][:0000001c] LAUNCH snlua authd 10[0m
[32m[INFO][2021-02-24 09:27:39][:0000001d] LAUNCH snlua authd 10[0m
[32m[INFO][2021-02-24 09:27:39][:0000001e] LAUNCH snlua authd 10[0m
[32m[INFO][2021-02-24 09:27:39][:0000001f] LAUNCH snlua authd 10[0m
[32m[INFO][2021-02-24 09:27:39][:00000020] LAUNCH snlua authd 10[0m
[32m[INFO][2021-02-24 09:27:39][:00000021] LAUNCH snlua authd 10[0m
[32m[INFO][2021-02-24 09:27:39][:0000000a] Listen on 127.0.0.1:17000[0m
[32m[INFO][2021-02-24 09:27:39][:00000008] KILL self[0m
[32m[INFO][2021-02-24 09:27:39][:00000002] KILL self[0m
[32m[INFO][2021-02-24 09:27:44][:0000001a] request::
{
	["name"]="register",
	["data"]=
	{
		["password"]="dqh1993027963390129",
		["account"]="dingqinghis963390129",
	},
}[0m
[32m[INFO][2021-02-24 09:27:44][:0000001a] request::
{
	["name"]="ping",
}[0m
[32m[INFO][2021-02-24 09:27:44][:0000001a] respond_ping::
{
	["name"]="response_ping",
	["errcode"]=1,
	["result"]=
	{
		["now"]=1614130064.76,
	},
}[0m
[32m[INFO][2021-02-24 09:27:44][:0000001a] respond_register::
{
	["name"]="response_register",
	["errcode"]=1,
}[0m
[32m[INFO][2021-02-24 09:27:49][:0000001a] request::
{
	["name"]="ping",
}[0m
[32m[INFO][2021-02-24 09:27:49][:0000001a] respond_ping::
{
	["name"]="response_ping",
	["errcode"]=1,
	["result"]=
	{
		["now"]=1614130069.75,
	},
}[0m
[32m[INFO][2021-02-24 09:27:54][:0000001a] request::
{
	["name"]="ping",
}[0m
[32m[INFO][2021-02-24 09:27:54][:0000001a] respond_ping::
{
	["name"]="response_ping",
	["errcode"]=1,
	["result"]=
	{
		["now"]=1614130074.74,
	},
}[0m
[32m[INFO][2021-02-24 09:27:59][:0000001a] request::
{
	["name"]="ping",
}[0m
[32m[INFO][2021-02-24 09:27:59][:0000001a] respond_ping::
{
	["name"]="response_ping",
	["errcode"]=1,
	["result"]=
	{
		["now"]=1614130079.75,
	},
}[0m
